[debug] [2020-11-29T21:37:52.080Z] ----------------------------------------------------------------------
[debug] [2020-11-29T21:37:52.081Z] Command:       C:\Program Files\nodejs\node.exe C:\Users\adama\AppData\Roaming\npm\node_modules\firebase-tools\lib\bin\firebase.js init
[debug] [2020-11-29T21:37:52.081Z] CLI Version:   8.16.2
[debug] [2020-11-29T21:37:52.081Z] Platform:      win32
[debug] [2020-11-29T21:37:52.081Z] Node Version:  v12.18.3
[debug] [2020-11-29T21:37:52.082Z] Time:          Sun Nov 29 2020 14:37:52 GMT-0700 (Mountain Standard Time)
[debug] [2020-11-29T21:37:52.082Z] ----------------------------------------------------------------------
[debug] [2020-11-29T21:37:52.082Z] 
[debug] [2020-11-29T21:37:52.086Z] > command requires scopes: ["email","openid","https://www.googleapis.com/auth/cloudplatformprojects.readonly","https://www.googleapis.com/auth/firebase","https://www.googleapis.com/auth/cloud-platform"]
[debug] [2020-11-29T21:37:52.087Z] > authorizing via signed-in user
[info] 
     ######## #### ########  ######## ########     ###     ######  ########
     ##        ##  ##     ## ##       ##     ##  ##   ##  ##       ##
     ######    ##  ########  ######   ########  #########  ######  ######
     ##        ##  ##    ##  ##       ##     ## ##     ##       ## ##
     ##       #### ##     ## ######## ########  ##     ##  ######  ########

You're about to initialize a Firebase project in this directory:

  C:\Users\adama\git-practice\3790-First-App

[info] 
=== Project Setup
[info] 
[info] First, let's associate this project directory with a Firebase project.
[info] You can create multiple project aliases by running firebase use --add, 
[info] but for now we'll just set up a default project.
[info] 
[info] i  If you want to create a project in a Google Cloud organization or folder, please use "firebase projects:create" instead, and return to this command when you've created the project. 
[debug] [2020-11-29T21:39:14.423Z] > refreshing access token with scopes: ["email","https://www.googleapis.com/auth/cloud-platform","https://www.googleapis.com/auth/cloudplatformprojects.readonly","https://www.googleapis.com/auth/firebase","openid"]
[debug] [2020-11-29T21:39:14.423Z] >>> HTTP REQUEST POST https://www.googleapis.com/oauth2/v3/token  
 <request body omitted>
[debug] [2020-11-29T21:39:14.573Z] <<< HTTP RESPONSE 200 {"pragma":"no-cache","expires":"Mon, 01 Jan 1990 00:00:00 GMT","cache-control":"no-cache, no-store, max-age=0, must-revalidate","date":"Sun, 29 Nov 2020 21:39:13 GMT","content-type":"application/json; charset=utf-8","vary":"X-Origin, Referer, Origin,Accept-Encoding","server":"scaffolding on HTTPServer2","x-xss-protection":"0","x-frame-options":"SAMEORIGIN","x-content-type-options":"nosniff","alt-svc":"h3-29=\":443\"; ma=2592000,h3-T051=\":443\"; ma=2592000,h3-Q050=\":443\"; ma=2592000,h3-Q046=\":443\"; ma=2592000,h3-Q043=\":443\"; ma=2592000,quic=\":443\"; ma=2592000; v=\"46,43\"","accept-ranges":"none","transfer-encoding":"chunked"}
[debug] [2020-11-29T21:39:14.577Z] >>> HTTP REQUEST POST https://cloudresourcemanager.googleapis.com/v1/projects  
 {"projectId":"gamesAppLogin","name":"Games React App Login"}
[debug] [2020-11-29T21:39:14.883Z] <<< HTTP RESPONSE 400 {"vary":"X-Origin, Referer, Origin,Accept-Encoding","content-type":"application/json; charset=UTF-8","date":"Sun, 29 Nov 2020 21:39:14 GMT","server":"ESF","cache-control":"private","x-xss-protection":"0","x-frame-options":"SAMEORIGIN","x-content-type-options":"nosniff","server-timing":"gfet4t7; dur=199","alt-svc":"h3-29=\":443\"; ma=2592000,h3-T051=\":443\"; ma=2592000,h3-Q050=\":443\"; ma=2592000,h3-Q046=\":443\"; ma=2592000,h3-Q043=\":443\"; ma=2592000,quic=\":443\"; ma=2592000; v=\"46,43\"","accept-ranges":"none","transfer-encoding":"chunked"}
[debug] [2020-11-29T21:39:14.883Z] <<< HTTP RESPONSE BODY {"error":{"code":400,"message":"field [project_id] has issue [project_id contains invalid characters]","status":"INVALID_ARGUMENT","details":[{"@type":"type.googleapis.com/google.rpc.BadRequest","fieldViolations":[{"field":"project_id","description":"project_id contains invalid characters"}]},{"@type":"type.googleapis.com/google.rpc.Help","links":[{"url":"https://cloud.google.com/resource-manager/reference/rest/v1/projects"}]}]}}
[debug] [2020-11-29T21:39:14.976Z] FirebaseError: HTTP Error: 400, field [project_id] has issue [project_id contains invalid characters]
    at module.exports (C:\Users\adama\AppData\Roaming\npm\node_modules\firebase-tools\lib\responseToError.js:38:12)
    at Request._callback (C:\Users\adama\AppData\Roaming\npm\node_modules\firebase-tools\lib\api.js:41:35)
    at Request.self.callback (C:\Users\adama\AppData\Roaming\npm\node_modules\firebase-tools\node_modules\request\request.js:185:22)
    at Request.emit (events.js:315:20)
    at Request.EventEmitter.emit (domain.js:483:12)
    at Request.<anonymous> (C:\Users\adama\AppData\Roaming\npm\node_modules\firebase-tools\node_modules\request\request.js:1154:10)
    at Request.emit (events.js:315:20)
    at Request.EventEmitter.emit (domain.js:483:12)
    at IncomingMessage.<anonymous> (C:\Users\adama\AppData\Roaming\npm\node_modules\firebase-tools\node_modules\request\request.js:1076:12)
    at Object.onceWrapper (events.js:421:28)
    at IncomingMessage.emit (events.js:327:22)
    at IncomingMessage.EventEmitter.emit (domain.js:483:12)
    at endReadableNT (_stream_readable.js:1220:12)
    at processTicksAndRejections (internal/process/task_queues.js:84:21)
[error] 
[error] Error: Failed to create project. See firebase-debug.log for more info.
[debug] [2020-11-29T21:40:04.874Z] ----------------------------------------------------------------------
[debug] [2020-11-29T21:40:04.875Z] Command:       C:\Program Files\nodejs\node.exe C:\Users\adama\AppData\Roaming\npm\node_modules\firebase-tools\lib\bin\firebase.js init
[debug] [2020-11-29T21:40:04.875Z] CLI Version:   8.16.2
[debug] [2020-11-29T21:40:04.875Z] Platform:      win32
[debug] [2020-11-29T21:40:04.875Z] Node Version:  v12.18.3
[debug] [2020-11-29T21:40:04.876Z] Time:          Sun Nov 29 2020 14:40:04 GMT-0700 (Mountain Standard Time)
[debug] [2020-11-29T21:40:04.876Z] ----------------------------------------------------------------------
[debug] [2020-11-29T21:40:04.876Z] 
[debug] [2020-11-29T21:40:04.880Z] > command requires scopes: ["email","openid","https://www.googleapis.com/auth/cloudplatformprojects.readonly","https://www.googleapis.com/auth/firebase","https://www.googleapis.com/auth/cloud-platform"]
[debug] [2020-11-29T21:40:04.881Z] > authorizing via signed-in user
[info] 
     ######## #### ########  ######## ########     ###     ######  ########
     ##        ##  ##     ## ##       ##     ##  ##   ##  ##       ##
     ######    ##  ########  ######   ########  #########  ######  ######
     ##        ##  ##    ##  ##       ##     ## ##     ##       ## ##
     ##       #### ##     ## ######## ########  ##     ##  ######  ########

You're about to initialize a Firebase project in this directory:

  C:\Users\adama\git-practice\3790-First-App

[info] 
=== Project Setup
[info] 
[info] First, let's associate this project directory with a Firebase project.
[info] You can create multiple project aliases by running firebase use --add, 
[info] but for now we'll just set up a default project.
[info] 
[debug] [2020-11-29T21:40:27.239Z] >>> HTTP REQUEST GET https://firebase.googleapis.com/v1beta1/projects?pageSize=100  
 
[debug] [2020-11-29T21:40:27.528Z] <<< HTTP RESPONSE 200 {"content-type":"application/json; charset=UTF-8","vary":"X-Origin, Referer, Origin,Accept-Encoding","date":"Sun, 29 Nov 2020 21:40:26 GMT","server":"ESF","cache-control":"private","x-xss-protection":"0","x-frame-options":"SAMEORIGIN","x-content-type-options":"nosniff","alt-svc":"h3-29=\":443\"; ma=2592000,h3-T051=\":443\"; ma=2592000,h3-Q050=\":443\"; ma=2592000,h3-Q046=\":443\"; ma=2592000,h3-Q043=\":443\"; ma=2592000,quic=\":443\"; ma=2592000; v=\"46,43\"","accept-ranges":"none","transfer-encoding":"chunked"}
[info] i  Using project sample-games-app (Sample Games App) 
[info] 
=== Database Setup
[info] 
[info] Firebase Realtime Database Rules allow you to define how your data should be
[info] structured and when your data can be read from and written to.
[info] 
[debug] [2020-11-29T21:40:46.073Z] >>> HTTP REQUEST GET https://sample-games-app.firebaseio.com/.settings/rules.json  
 
[debug] [2020-11-29T21:40:46.568Z] <<< HTTP RESPONSE 200 {"server":"nginx","date":"Sun, 29 Nov 2020 21:40:45 GMT","content-type":"application/json; charset=utf-8","content-length":"161","connection":"keep-alive","access-control-allow-origin":"*","cache-control":"no-cache","strict-transport-security":"max-age=31556926; includeSubDomains; preload"}
[info] +  Database Rules for sample-games-app have been downloaded to database.rules.json. 
[info] Future modifications to database.rules.json will update Database Rules when you run
[info] firebase deploy.
[info] 
=== Hosting Setup
[info] 
[info] Your public directory is the folder (relative to your project directory) that
[info] will contain Hosting assets to be uploaded with firebase deploy. If you
[info] have a build process for your assets, use your build's output directory.
[info] 
[debug] [2020-11-29T21:41:11.285Z] >>> HTTP REQUEST GET https://www.gstatic.com/firebasejs/releases.json  
 
[debug] [2020-11-29T21:41:11.356Z] <<< HTTP RESPONSE 200 {"accept-ranges":"bytes","vary":"Accept-Encoding, Origin","content-type":"application/json","cross-origin-resource-policy":"cross-origin","content-length":"1411","date":"Sun, 29 Nov 2020 21:36:58 GMT","expires":"Sun, 29 Nov 2020 22:26:58 GMT","last-modified":"Fri, 20 Nov 2020 01:53:31 GMT","x-content-type-options":"nosniff","server":"sffe","x-xss-protection":"0","cache-control":"public, max-age=3000","age":"252","alt-svc":"h3-29=\":443\"; ma=2592000,h3-T051=\":443\"; ma=2592000,h3-Q050=\":443\"; ma=2592000,h3-Q046=\":443\"; ma=2592000,h3-Q043=\":443\"; ma=2592000,quic=\":443\"; ma=2592000; v=\"46,43\""}
[info] i  Skipping write of public/index.html 
[info] 
[info] i  Detected a .git folder at C:\Users\adama\git-practice\3790-First-App 
[info] i  Authorizing with GitHub to upload your service account to a GitHub repository's secrets store. 
[info] 
[info] Visit this URL on this device to log in:
[info] https://github.com/login/oauth/authorize?client_id=89cf50f02ac6aaed3484&state=996712568&redirect_uri=http%3A%2F%2Flocalhost%3A9005&scope=read%3Auser%20repo%20public_repo
[info] 
[info] Waiting for authentication...
[debug] [2020-11-29T21:41:27.168Z] >>> HTTP REQUEST POST https://github.com/login/oauth/access_token  
 {"client_id":"89cf50f02ac6aaed3484","client_secret":"3330d14abc895d9a74d5f17cd7a00711fa2c5bf0","code":"a959ece1f4ca3cbbf126","redirect_uri":"http://localhost:9005","state":"996712568"}
[debug] [2020-11-29T21:41:27.462Z] <<< HTTP RESPONSE 200 {"server":"GitHub.com","date":"Sun, 29 Nov 2020 21:41:26 GMT","content-type":"application/json; charset=utf-8","transfer-encoding":"chunked","status":"200 OK","vary":"X-PJAX, Accept-Encoding, Accept, X-Requested-With","etag":"W/\"1ef671a298b76e57313f7e4295c9d682\"","cache-control":"max-age=0, private, must-revalidate","strict-transport-security":"max-age=31536000; includeSubdomains; preload","x-frame-options":"deny","x-content-type-options":"nosniff","x-xss-protection":"1; mode=block","referrer-policy":"origin-when-cross-origin, strict-origin-when-cross-origin","expect-ct":"max-age=2592000, report-uri=\"https://api.github.com/_private/browser/errors\"","content-security-policy":"default-src 'none'; base-uri 'self'; block-all-mixed-content; connect-src 'self' uploads.github.com www.githubstatus.com collector.githubapp.com api.github.com github-cloud.s3.amazonaws.com github-production-repository-file-5c1aeb.s3.amazonaws.com github-production-upload-manifest-file-7fdce7.s3.amazonaws.com github-production-user-asset-6210df.s3.amazonaws.com cdn.optimizely.com logx.optimizely.com/v1/events wss://alive.github.com; font-src github.githubassets.com; form-action 'self' github.com gist.github.com; frame-ancestors 'none'; frame-src render.githubusercontent.com; img-src 'self' data: github.githubassets.com identicons.github.com collector.githubapp.com github-cloud.s3.amazonaws.com *.githubusercontent.com; manifest-src 'self'; media-src 'none'; script-src github.githubassets.com; style-src 'unsafe-inline' github.githubassets.com; worker-src github.com/socket-worker.js gist.github.com/socket-worker.js","x-github-request-id":"F828:2367:49A8820:5DFCB6E:5FC41586"}
[debug] [2020-11-29T21:41:27.463Z] >>> HTTP REQUEST GET https://api.github.com/user  
 
[debug] [2020-11-29T21:41:27.803Z] <<< HTTP RESPONSE 200 {"server":"GitHub.com","date":"Sun, 29 Nov 2020 21:41:26 GMT","content-type":"application/json; charset=utf-8","content-length":"1496","status":"200 OK","cache-control":"private, max-age=60, s-maxage=60","vary":"Accept, Authorization, Cookie, X-GitHub-OTP, Accept-Encoding, Accept, X-Requested-With","etag":"\"7be86dbd50aa5aebea2b7e0f70b63c854b7774b0062a0558771d6cf8017f8526\"","last-modified":"Sun, 29 Nov 2020 21:41:26 GMT","x-oauth-scopes":"read:user, repo","x-accepted-oauth-scopes":"","x-oauth-client-id":"89cf50f02ac6aaed3484","x-github-media-type":"github.v3","x-ratelimit-limit":"5000","x-ratelimit-remaining":"4996","x-ratelimit-reset":"1606688264","x-ratelimit-used":"4","access-control-expose-headers":"ETag, Link, Location, Retry-After, X-GitHub-OTP, X-RateLimit-Limit, X-RateLimit-Remaining, X-RateLimit-Used, X-RateLimit-Reset, X-OAuth-Scopes, X-Accepted-OAuth-Scopes, X-Poll-Interval, X-GitHub-Media-Type, Deprecation, Sunset","access-control-allow-origin":"*","strict-transport-security":"max-age=31536000; includeSubdomains; preload","x-frame-options":"deny","x-content-type-options":"nosniff","x-xss-protection":"1; mode=block","referrer-policy":"origin-when-cross-origin, strict-origin-when-cross-origin","content-security-policy":"default-src 'none'","x-github-request-id":"F829:7011:A69618:1A42A96:5FC41586"}
[info] 
[info] +  Success! Logged into GitHub as timetoady 
[info] 
[debug] [2020-11-29T21:41:48.985Z] >>> HTTP REQUEST GET https://api.github.com/repos/3790-First-App/actions/secrets/public-key?type=owner  
 
[debug] [2020-11-29T21:41:49.255Z] <<< HTTP RESPONSE 404 {"server":"GitHub.com","date":"Sun, 29 Nov 2020 21:41:48 GMT","content-type":"application/json; charset=utf-8","content-length":"74","status":"404 Not Found","x-oauth-scopes":"read:user, repo","x-accepted-oauth-scopes":"repo","x-oauth-client-id":"89cf50f02ac6aaed3484","x-github-media-type":"github.v3","x-ratelimit-limit":"5000","x-ratelimit-remaining":"4995","x-ratelimit-reset":"1606688264","x-ratelimit-used":"5","access-control-expose-headers":"ETag, Link, Location, Retry-After, X-GitHub-OTP, X-RateLimit-Limit, X-RateLimit-Remaining, X-RateLimit-Used, X-RateLimit-Reset, X-OAuth-Scopes, X-Accepted-OAuth-Scopes, X-Poll-Interval, X-GitHub-Media-Type, Deprecation, Sunset","access-control-allow-origin":"*","strict-transport-security":"max-age=31536000; includeSubdomains; preload","x-frame-options":"deny","x-content-type-options":"nosniff","x-xss-protection":"1; mode=block","referrer-policy":"origin-when-cross-origin, strict-origin-when-cross-origin","content-security-policy":"default-src 'none'","vary":"Accept-Encoding, Accept, X-Requested-With","x-github-request-id":"F82A:5ED7:131B294:2AECBBB:5FC4159C"}
[debug] [2020-11-29T21:41:49.255Z] <<< HTTP RESPONSE BODY Not Found {"message":"Not Found","documentation_url":"https://docs.github.com/rest"}
[debug] [2020-11-29T21:41:57.479Z] >>> HTTP REQUEST GET https://api.github.com/repos//actions/secrets/public-key?type=owner  
 
[debug] [2020-11-29T21:41:57.785Z] <<< HTTP RESPONSE 404 {"server":"GitHub.com","date":"Sun, 29 Nov 2020 21:41:56 GMT","content-type":"application/json; charset=utf-8","content-length":"74","status":"404 Not Found","x-oauth-scopes":"read:user, repo","x-accepted-oauth-scopes":"repo","x-oauth-client-id":"89cf50f02ac6aaed3484","x-github-media-type":"github.v3","x-ratelimit-limit":"5000","x-ratelimit-remaining":"4994","x-ratelimit-reset":"1606688264","x-ratelimit-used":"6","access-control-expose-headers":"ETag, Link, Location, Retry-After, X-GitHub-OTP, X-RateLimit-Limit, X-RateLimit-Remaining, X-RateLimit-Used, X-RateLimit-Reset, X-OAuth-Scopes, X-Accepted-OAuth-Scopes, X-Poll-Interval, X-GitHub-Media-Type, Deprecation, Sunset","access-control-allow-origin":"*","strict-transport-security":"max-age=31536000; includeSubdomains; preload","x-frame-options":"deny","x-content-type-options":"nosniff","x-xss-protection":"1; mode=block","referrer-policy":"origin-when-cross-origin, strict-origin-when-cross-origin","content-security-policy":"default-src 'none'","vary":"Accept-Encoding, Accept, X-Requested-With","x-github-request-id":"F82B:46D1:8C275C:17A8C1A:5FC415A4"}
[debug] [2020-11-29T21:41:57.785Z] <<< HTTP RESPONSE BODY Not Found {"message":"Not Found","documentation_url":"https://docs.github.com/rest"}
[debug] [2020-11-29T21:41:58.485Z] >>> HTTP REQUEST GET https://api.github.com/repos//actions/secrets/public-key?type=owner  
 
[debug] [2020-11-29T21:41:58.723Z] <<< HTTP RESPONSE 404 {"server":"GitHub.com","date":"Sun, 29 Nov 2020 21:41:57 GMT","content-type":"application/json; charset=utf-8","content-length":"74","status":"404 Not Found","x-oauth-scopes":"read:user, repo","x-accepted-oauth-scopes":"repo","x-oauth-client-id":"89cf50f02ac6aaed3484","x-github-media-type":"github.v3","x-ratelimit-limit":"5000","x-ratelimit-remaining":"4993","x-ratelimit-reset":"1606688264","x-ratelimit-used":"7","access-control-expose-headers":"ETag, Link, Location, Retry-After, X-GitHub-OTP, X-RateLimit-Limit, X-RateLimit-Remaining, X-RateLimit-Used, X-RateLimit-Reset, X-OAuth-Scopes, X-Accepted-OAuth-Scopes, X-Poll-Interval, X-GitHub-Media-Type, Deprecation, Sunset","access-control-allow-origin":"*","strict-transport-security":"max-age=31536000; includeSubdomains; preload","x-frame-options":"deny","x-content-type-options":"nosniff","x-xss-protection":"1; mode=block","referrer-policy":"origin-when-cross-origin, strict-origin-when-cross-origin","content-security-policy":"default-src 'none'","vary":"Accept-Encoding, Accept, X-Requested-With","x-github-request-id":"F82C:7FD9:281472E:4074E7E:5FC415A5"}
[debug] [2020-11-29T21:41:58.723Z] <<< HTTP RESPONSE BODY Not Found {"message":"Not Found","documentation_url":"https://docs.github.com/rest"}
[debug] [2020-11-29T21:42:21.240Z] >>> HTTP REQUEST GET https://api.github.com/repos//actions/secrets/public-key?type=owner  
 
[debug] [2020-11-29T21:42:21.480Z] <<< HTTP RESPONSE 404 {"server":"GitHub.com","date":"Sun, 29 Nov 2020 21:42:20 GMT","content-type":"application/json; charset=utf-8","content-length":"74","status":"404 Not Found","x-oauth-scopes":"read:user, repo","x-accepted-oauth-scopes":"repo","x-oauth-client-id":"89cf50f02ac6aaed3484","x-github-media-type":"github.v3","x-ratelimit-limit":"5000","x-ratelimit-remaining":"4992","x-ratelimit-reset":"1606688264","x-ratelimit-used":"8","access-control-expose-headers":"ETag, Link, Location, Retry-After, X-GitHub-OTP, X-RateLimit-Limit, X-RateLimit-Remaining, X-RateLimit-Used, X-RateLimit-Reset, X-OAuth-Scopes, X-Accepted-OAuth-Scopes, X-Poll-Interval, X-GitHub-Media-Type, Deprecation, Sunset","access-control-allow-origin":"*","strict-transport-security":"max-age=31536000; includeSubdomains; preload","x-frame-options":"deny","x-content-type-options":"nosniff","x-xss-protection":"1; mode=block","referrer-policy":"origin-when-cross-origin, strict-origin-when-cross-origin","content-security-policy":"default-src 'none'","vary":"Accept-Encoding, Accept, X-Requested-With","x-github-request-id":"F841:5CBF:25D3F79:3D9C541:5FC415BC"}
[debug] [2020-11-29T21:42:21.480Z] <<< HTTP RESPONSE BODY Not Found {"message":"Not Found","documentation_url":"https://docs.github.com/rest"}
[debug] [2020-11-29T21:42:29.459Z] >>> HTTP REQUEST GET https://api.github.com/repos//actions/secrets/public-key?type=owner  
 
[debug] [2020-11-29T21:42:29.694Z] <<< HTTP RESPONSE 404 {"server":"GitHub.com","date":"Sun, 29 Nov 2020 21:42:28 GMT","content-type":"application/json; charset=utf-8","content-length":"74","status":"404 Not Found","x-oauth-scopes":"read:user, repo","x-accepted-oauth-scopes":"repo","x-oauth-client-id":"89cf50f02ac6aaed3484","x-github-media-type":"github.v3","x-ratelimit-limit":"5000","x-ratelimit-remaining":"4991","x-ratelimit-reset":"1606688264","x-ratelimit-used":"9","access-control-expose-headers":"ETag, Link, Location, Retry-After, X-GitHub-OTP, X-RateLimit-Limit, X-RateLimit-Remaining, X-RateLimit-Used, X-RateLimit-Reset, X-OAuth-Scopes, X-Accepted-OAuth-Scopes, X-Poll-Interval, X-GitHub-Media-Type, Deprecation, Sunset","access-control-allow-origin":"*","strict-transport-security":"max-age=31536000; includeSubdomains; preload","x-frame-options":"deny","x-content-type-options":"nosniff","x-xss-protection":"1; mode=block","referrer-policy":"origin-when-cross-origin, strict-origin-when-cross-origin","content-security-policy":"default-src 'none'","vary":"Accept-Encoding, Accept, X-Requested-With","x-github-request-id":"F845:61E3:2050FE0:36D8DB5:5FC415C4"}
[debug] [2020-11-29T21:42:29.695Z] <<< HTTP RESPONSE BODY Not Found {"message":"Not Found","documentation_url":"https://docs.github.com/rest"}
[debug] [2020-11-29T21:42:30.986Z] >>> HTTP REQUEST GET https://api.github.com/repos//actions/secrets/public-key?type=owner  
 
[debug] [2020-11-29T21:42:31.222Z] <<< HTTP RESPONSE 404 {"server":"GitHub.com","date":"Sun, 29 Nov 2020 21:42:30 GMT","content-type":"application/json; charset=utf-8","content-length":"74","status":"404 Not Found","x-oauth-scopes":"read:user, repo","x-accepted-oauth-scopes":"repo","x-oauth-client-id":"89cf50f02ac6aaed3484","x-github-media-type":"github.v3","x-ratelimit-limit":"5000","x-ratelimit-remaining":"4990","x-ratelimit-reset":"1606688264","x-ratelimit-used":"10","access-control-expose-headers":"ETag, Link, Location, Retry-After, X-GitHub-OTP, X-RateLimit-Limit, X-RateLimit-Remaining, X-RateLimit-Used, X-RateLimit-Reset, X-OAuth-Scopes, X-Accepted-OAuth-Scopes, X-Poll-Interval, X-GitHub-Media-Type, Deprecation, Sunset","access-control-allow-origin":"*","strict-transport-security":"max-age=31536000; includeSubdomains; preload","x-frame-options":"deny","x-content-type-options":"nosniff","x-xss-protection":"1; mode=block","referrer-policy":"origin-when-cross-origin, strict-origin-when-cross-origin","content-security-policy":"default-src 'none'","vary":"Accept-Encoding, Accept, X-Requested-With","x-github-request-id":"F846:61E2:130FA1F:29B77DE:5FC415C6"}
[debug] [2020-11-29T21:42:31.222Z] <<< HTTP RESPONSE BODY Not Found {"message":"Not Found","documentation_url":"https://docs.github.com/rest"}
[debug] [2020-11-29T21:42:37.501Z] >>> HTTP REQUEST GET https://api.github.com/repos/3790-First-App/actions/secrets/public-key?type=owner  
 
[debug] [2020-11-29T21:42:37.740Z] <<< HTTP RESPONSE 404 {"server":"GitHub.com","date":"Sun, 29 Nov 2020 21:42:36 GMT","content-type":"application/json; charset=utf-8","content-length":"74","status":"404 Not Found","x-oauth-scopes":"read:user, repo","x-accepted-oauth-scopes":"repo","x-oauth-client-id":"89cf50f02ac6aaed3484","x-github-media-type":"github.v3","x-ratelimit-limit":"5000","x-ratelimit-remaining":"4989","x-ratelimit-reset":"1606688264","x-ratelimit-used":"11","access-control-expose-headers":"ETag, Link, Location, Retry-After, X-GitHub-OTP, X-RateLimit-Limit, X-RateLimit-Remaining, X-RateLimit-Used, X-RateLimit-Reset, X-OAuth-Scopes, X-Accepted-OAuth-Scopes, X-Poll-Interval, X-GitHub-Media-Type, Deprecation, Sunset","access-control-allow-origin":"*","strict-transport-security":"max-age=31536000; includeSubdomains; preload","x-frame-options":"deny","x-content-type-options":"nosniff","x-xss-protection":"1; mode=block","referrer-policy":"origin-when-cross-origin, strict-origin-when-cross-origin","content-security-policy":"default-src 'none'","vary":"Accept-Encoding, Accept, X-Requested-With","x-github-request-id":"F84A:1AE7:2754B98:404E8ED:5FC415CC"}
[debug] [2020-11-29T21:42:37.740Z] <<< HTTP RESPONSE BODY Not Found {"message":"Not Found","documentation_url":"https://docs.github.com/rest"}
[debug] [2020-11-29T21:42:49.185Z] >>> HTTP REQUEST GET https://api.github.com/repos//actions/secrets/public-key?type=owner  
 
[debug] [2020-11-29T21:42:49.474Z] <<< HTTP RESPONSE 404 {"server":"GitHub.com","date":"Sun, 29 Nov 2020 21:42:48 GMT","content-type":"application/json; charset=utf-8","content-length":"74","status":"404 Not Found","x-oauth-scopes":"read:user, repo","x-accepted-oauth-scopes":"repo","x-oauth-client-id":"89cf50f02ac6aaed3484","x-github-media-type":"github.v3","x-ratelimit-limit":"5000","x-ratelimit-remaining":"4988","x-ratelimit-reset":"1606688264","x-ratelimit-used":"12","access-control-expose-headers":"ETag, Link, Location, Retry-After, X-GitHub-OTP, X-RateLimit-Limit, X-RateLimit-Remaining, X-RateLimit-Used, X-RateLimit-Reset, X-OAuth-Scopes, X-Accepted-OAuth-Scopes, X-Poll-Interval, X-GitHub-Media-Type, Deprecation, Sunset","access-control-allow-origin":"*","strict-transport-security":"max-age=31536000; includeSubdomains; preload","x-frame-options":"deny","x-content-type-options":"nosniff","x-xss-protection":"1; mode=block","referrer-policy":"origin-when-cross-origin, strict-origin-when-cross-origin","content-security-policy":"default-src 'none'","vary":"Accept-Encoding, Accept, X-Requested-With","x-github-request-id":"F84C:5CBF:25D4C93:3D9DABE:5FC415D8"}
[debug] [2020-11-29T21:42:49.474Z] <<< HTTP RESPONSE BODY Not Found {"message":"Not Found","documentation_url":"https://docs.github.com/rest"}
[debug] [2020-11-29T21:42:53.308Z] >>> HTTP REQUEST GET https://api.github.com/repos/https://github.com/timetoady/3790-First-App/actions/secrets/public-key?type=owner  
 
[debug] [2020-11-29T21:42:53.547Z] <<< HTTP RESPONSE 404 {"server":"GitHub.com","date":"Sun, 29 Nov 2020 21:42:52 GMT","content-type":"application/json; charset=utf-8","content-length":"74","status":"404 Not Found","x-oauth-scopes":"read:user, repo","x-accepted-oauth-scopes":"repo","x-oauth-client-id":"89cf50f02ac6aaed3484","x-github-media-type":"github.v3","x-ratelimit-limit":"5000","x-ratelimit-remaining":"4987","x-ratelimit-reset":"1606688264","x-ratelimit-used":"13","access-control-expose-headers":"ETag, Link, Location, Retry-After, X-GitHub-OTP, X-RateLimit-Limit, X-RateLimit-Remaining, X-RateLimit-Used, X-RateLimit-Reset, X-OAuth-Scopes, X-Accepted-OAuth-Scopes, X-Poll-Interval, X-GitHub-Media-Type, Deprecation, Sunset","access-control-allow-origin":"*","strict-transport-security":"max-age=31536000; includeSubdomains; preload","x-frame-options":"deny","x-content-type-options":"nosniff","x-xss-protection":"1; mode=block","referrer-policy":"origin-when-cross-origin, strict-origin-when-cross-origin","content-security-policy":"default-src 'none'","vary":"Accept-Encoding, Accept, X-Requested-With","x-github-request-id":"F84E:6546:1362F31:2BF0FB4:5FC415DC"}
[debug] [2020-11-29T21:42:53.547Z] <<< HTTP RESPONSE BODY Not Found {"message":"Not Found","documentation_url":"https://docs.github.com/rest"}
[debug] [2020-11-29T21:42:54.653Z] >>> HTTP REQUEST GET https://api.github.com/repos//actions/secrets/public-key?type=owner  
 
[debug] [2020-11-29T21:42:54.891Z] <<< HTTP RESPONSE 404 {"server":"GitHub.com","date":"Sun, 29 Nov 2020 21:42:54 GMT","content-type":"application/json; charset=utf-8","content-length":"74","status":"404 Not Found","x-oauth-scopes":"read:user, repo","x-accepted-oauth-scopes":"repo","x-oauth-client-id":"89cf50f02ac6aaed3484","x-github-media-type":"github.v3","x-ratelimit-limit":"5000","x-ratelimit-remaining":"4986","x-ratelimit-reset":"1606688264","x-ratelimit-used":"14","access-control-expose-headers":"ETag, Link, Location, Retry-After, X-GitHub-OTP, X-RateLimit-Limit, X-RateLimit-Remaining, X-RateLimit-Used, X-RateLimit-Reset, X-OAuth-Scopes, X-Accepted-OAuth-Scopes, X-Poll-Interval, X-GitHub-Media-Type, Deprecation, Sunset","access-control-allow-origin":"*","strict-transport-security":"max-age=31536000; includeSubdomains; preload","x-frame-options":"deny","x-content-type-options":"nosniff","x-xss-protection":"1; mode=block","referrer-policy":"origin-when-cross-origin, strict-origin-when-cross-origin","content-security-policy":"default-src 'none'","vary":"Accept-Encoding, Accept, X-Requested-With","x-github-request-id":"F84F:2337:927BB9:183168A:5FC415DD"}
[debug] [2020-11-29T21:42:54.891Z] <<< HTTP RESPONSE BODY Not Found {"message":"Not Found","documentation_url":"https://docs.github.com/rest"}
[debug] [2020-11-29T21:42:55.962Z] >>> HTTP REQUEST GET https://api.github.com/repos//actions/secrets/public-key?type=owner  
 
[debug] [2020-11-29T21:42:56.248Z] <<< HTTP RESPONSE 404 {"server":"GitHub.com","date":"Sun, 29 Nov 2020 21:42:55 GMT","content-type":"application/json; charset=utf-8","content-length":"74","status":"404 Not Found","x-oauth-scopes":"read:user, repo","x-accepted-oauth-scopes":"repo","x-oauth-client-id":"89cf50f02ac6aaed3484","x-github-media-type":"github.v3","x-ratelimit-limit":"5000","x-ratelimit-remaining":"4985","x-ratelimit-reset":"1606688264","x-ratelimit-used":"15","access-control-expose-headers":"ETag, Link, Location, Retry-After, X-GitHub-OTP, X-RateLimit-Limit, X-RateLimit-Remaining, X-RateLimit-Used, X-RateLimit-Reset, X-OAuth-Scopes, X-Accepted-OAuth-Scopes, X-Poll-Interval, X-GitHub-Media-Type, Deprecation, Sunset","access-control-allow-origin":"*","strict-transport-security":"max-age=31536000; includeSubdomains; preload","x-frame-options":"deny","x-content-type-options":"nosniff","x-xss-protection":"1; mode=block","referrer-policy":"origin-when-cross-origin, strict-origin-when-cross-origin","content-security-policy":"default-src 'none'","vary":"Accept-Encoding, Accept, X-Requested-With","x-github-request-id":"F850:0CB4:27618A5:40DF9F2:5FC415DF"}
[debug] [2020-11-29T21:42:56.248Z] <<< HTTP RESPONSE BODY Not Found {"message":"Not Found","documentation_url":"https://docs.github.com/rest"}
[debug] [2020-11-29T21:43:02.686Z] >>> HTTP REQUEST GET https://api.github.com/repos/cancel/actions/secrets/public-key?type=owner  
 
[debug] [2020-11-29T21:43:02.984Z] <<< HTTP RESPONSE 404 {"server":"GitHub.com","date":"Sun, 29 Nov 2020 21:43:02 GMT","content-type":"application/json; charset=utf-8","content-length":"74","status":"404 Not Found","x-oauth-scopes":"read:user, repo","x-accepted-oauth-scopes":"repo","x-oauth-client-id":"89cf50f02ac6aaed3484","x-github-media-type":"github.v3","x-ratelimit-limit":"5000","x-ratelimit-remaining":"4984","x-ratelimit-reset":"1606688264","x-ratelimit-used":"16","access-control-expose-headers":"ETag, Link, Location, Retry-After, X-GitHub-OTP, X-RateLimit-Limit, X-RateLimit-Remaining, X-RateLimit-Used, X-RateLimit-Reset, X-OAuth-Scopes, X-Accepted-OAuth-Scopes, X-Poll-Interval, X-GitHub-Media-Type, Deprecation, Sunset","access-control-allow-origin":"*","strict-transport-security":"max-age=31536000; includeSubdomains; preload","x-frame-options":"deny","x-content-type-options":"nosniff","x-xss-protection":"1; mode=block","referrer-policy":"origin-when-cross-origin, strict-origin-when-cross-origin","content-security-policy":"default-src 'none'","vary":"Accept-Encoding, Accept, X-Requested-With","x-github-request-id":"F851:4992:20B87F7:37D5E80:5FC415E6"}
[debug] [2020-11-29T21:43:02.984Z] <<< HTTP RESPONSE BODY Not Found {"message":"Not Found","documentation_url":"https://docs.github.com/rest"}
[debug] [2020-11-29T21:43:04.017Z] >>> HTTP REQUEST GET https://api.github.com/repos//actions/secrets/public-key?type=owner  
 
[debug] [2020-11-29T21:43:04.259Z] <<< HTTP RESPONSE 404 {"server":"GitHub.com","date":"Sun, 29 Nov 2020 21:43:03 GMT","content-type":"application/json; charset=utf-8","content-length":"74","status":"404 Not Found","x-oauth-scopes":"read:user, repo","x-accepted-oauth-scopes":"repo","x-oauth-client-id":"89cf50f02ac6aaed3484","x-github-media-type":"github.v3","x-ratelimit-limit":"5000","x-ratelimit-remaining":"4983","x-ratelimit-reset":"1606688264","x-ratelimit-used":"17","access-control-expose-headers":"ETag, Link, Location, Retry-After, X-GitHub-OTP, X-RateLimit-Limit, X-RateLimit-Remaining, X-RateLimit-Used, X-RateLimit-Reset, X-OAuth-Scopes, X-Accepted-OAuth-Scopes, X-Poll-Interval, X-GitHub-Media-Type, Deprecation, Sunset","access-control-allow-origin":"*","strict-transport-security":"max-age=31536000; includeSubdomains; preload","x-frame-options":"deny","x-content-type-options":"nosniff","x-xss-protection":"1; mode=block","referrer-policy":"origin-when-cross-origin, strict-origin-when-cross-origin","content-security-policy":"default-src 'none'","vary":"Accept-Encoding, Accept, X-Requested-With","x-github-request-id":"F852:6ADB:22068B0:3A3F492:5FC415E7"}
[debug] [2020-11-29T21:43:04.259Z] <<< HTTP RESPONSE BODY Not Found {"message":"Not Found","documentation_url":"https://docs.github.com/rest"}
[debug] [2020-11-29T21:43:50.450Z] >>> HTTP REQUEST GET https://api.github.com/repos/https://github.com/timetoady/3790-First-App/actions/secrets/public-key?type=owner  
 
[debug] [2020-11-29T21:43:50.681Z] <<< HTTP RESPONSE 404 {"server":"GitHub.com","date":"Sun, 29 Nov 2020 21:43:49 GMT","content-type":"application/json; charset=utf-8","content-length":"74","status":"404 Not Found","x-oauth-scopes":"read:user, repo","x-accepted-oauth-scopes":"repo","x-oauth-client-id":"89cf50f02ac6aaed3484","x-github-media-type":"github.v3","x-ratelimit-limit":"5000","x-ratelimit-remaining":"4982","x-ratelimit-reset":"1606688264","x-ratelimit-used":"18","access-control-expose-headers":"ETag, Link, Location, Retry-After, X-GitHub-OTP, X-RateLimit-Limit, X-RateLimit-Remaining, X-RateLimit-Used, X-RateLimit-Reset, X-OAuth-Scopes, X-Accepted-OAuth-Scopes, X-Poll-Interval, X-GitHub-Media-Type, Deprecation, Sunset","access-control-allow-origin":"*","strict-transport-security":"max-age=31536000; includeSubdomains; preload","x-frame-options":"deny","x-content-type-options":"nosniff","x-xss-protection":"1; mode=block","referrer-policy":"origin-when-cross-origin, strict-origin-when-cross-origin","content-security-policy":"default-src 'none'","vary":"Accept-Encoding, Accept, X-Requested-With","x-github-request-id":"F854:6DBB:12DE83D:2BBC419:5FC41615"}
[debug] [2020-11-29T21:43:50.681Z] <<< HTTP RESPONSE BODY Not Found {"message":"Not Found","documentation_url":"https://docs.github.com/rest"}
[debug] [2020-11-29T21:44:19.723Z] >>> HTTP REQUEST GET https://api.github.com/repos/C:\Users\adama\git-practice\3790-First-App>/actions/secrets/public-key?type=owner  
 
[debug] [2020-11-29T21:44:19.961Z] <<< HTTP RESPONSE 404 {"server":"GitHub.com","date":"Sun, 29 Nov 2020 21:44:19 GMT","content-type":"application/json; charset=utf-8","content-length":"74","status":"404 Not Found","x-oauth-scopes":"read:user, repo","x-accepted-oauth-scopes":"repo","x-oauth-client-id":"89cf50f02ac6aaed3484","x-github-media-type":"github.v3","x-ratelimit-limit":"5000","x-ratelimit-remaining":"4981","x-ratelimit-reset":"1606688264","x-ratelimit-used":"19","access-control-expose-headers":"ETag, Link, Location, Retry-After, X-GitHub-OTP, X-RateLimit-Limit, X-RateLimit-Remaining, X-RateLimit-Used, X-RateLimit-Reset, X-OAuth-Scopes, X-Accepted-OAuth-Scopes, X-Poll-Interval, X-GitHub-Media-Type, Deprecation, Sunset","access-control-allow-origin":"*","strict-transport-security":"max-age=31536000; includeSubdomains; preload","x-frame-options":"deny","x-content-type-options":"nosniff","x-xss-protection":"1; mode=block","referrer-policy":"origin-when-cross-origin, strict-origin-when-cross-origin","content-security-policy":"default-src 'none'","vary":"Accept-Encoding, Accept, X-Requested-With","x-github-request-id":"F855:2788:2291C59:3B22D30:5FC41633"}
[debug] [2020-11-29T21:44:19.962Z] <<< HTTP RESPONSE BODY Not Found {"message":"Not Found","documentation_url":"https://docs.github.com/rest"}
